<?xml version="1.0" encoding="UTF-8"?>
<testng-results total="2" passed="2" failed="0" skipped="0">
  <reporter-output>
  </reporter-output>
  <suite started-at="2024-08-07T11:05:53Z" name="All Test Suite" finished-at="2024-08-07T11:06:29Z" duration-ms="36144">
    <groups>
      <group name="Sanity">
        <method signature="Logins.loginEmail()[pri:1, instance:HpCases.Logins@37858383]" name="loginEmail" class="HpCases.Logins"/>
        <method signature="Logins.loginPhone()[pri:2, instance:HpCases.Logins@37858383]" name="loginPhone" class="HpCases.Logins"/>
      </group> <!-- Sanity -->
    </groups>
    <test started-at="2024-08-07T11:05:53Z" name="C:/Users/Hassnain Zaidi/IdeaProjects/Scratch/src/test/java/HpCases/Logins.java" finished-at="2024-08-07T11:06:29Z" duration-ms="36144">
      <class name="HpCases.Logins">
        <test-method is-config="true" signature="Initialization()[pri:0, instance:HpCases.Logins@37858383]" started-at="2024-08-07T16:05:53Z" name="Initialization" finished-at="2024-08-07T16:05:54Z" duration-ms="1313" status="PASS">
          <reporter-output>
          </reporter-output>
        </test-method> <!-- Initialization -->
        <test-method signature="loginEmail()[pri:1, instance:HpCases.Logins@37858383]" started-at="2024-08-07T16:05:54Z" name="loginEmail" finished-at="2024-08-07T16:06:15Z" duration-ms="20389" status="PASS">
          <reporter-output>
          </reporter-output>
        </test-method> <!-- loginEmail -->
        <test-method is-config="true" signature="tearDown()[pri:0, instance:HpCases.Logins@37858383]" started-at="2024-08-07T16:06:15Z" name="tearDown" finished-at="2024-08-07T16:06:15Z" duration-ms="95" status="PASS">
          <reporter-output>
          </reporter-output>
        </test-method> <!-- tearDown -->
        <test-method is-config="true" signature="Initialization()[pri:0, instance:HpCases.Logins@37858383]" started-at="2024-08-07T16:06:15Z" name="Initialization" finished-at="2024-08-07T16:06:16Z" duration-ms="616" status="PASS">
          <reporter-output>
          </reporter-output>
        </test-method> <!-- Initialization -->
        <test-method signature="loginPhone()[pri:2, instance:HpCases.Logins@37858383]" started-at="2024-08-07T16:06:16Z" name="loginPhone" finished-at="2024-08-07T16:06:29Z" duration-ms="13651" status="PASS">
          <reporter-output>
          </reporter-output>
        </test-method> <!-- loginPhone -->
        <test-method is-config="true" signature="tearDown()[pri:0, instance:HpCases.Logins@37858383]" started-at="2024-08-07T16:06:29Z" name="tearDown" finished-at="2024-08-07T16:06:29Z" duration-ms="62" status="PASS">
          <reporter-output>
          </reporter-output>
        </test-method> <!-- tearDown -->
      </class> <!-- HpCases.Logins -->
    </test> <!-- C:/Users/Hassnain Zaidi/IdeaProjects/Scratch/src/test/java/HpCases/Logins.java -->
  </suite> <!-- All Test Suite -->
</testng-results>
